This file contains any messages produced by compilers while
running configure, to aid debugging if configure makes a mistake.

It was created by configure, which was
generated by GNU Autoconf 2.65.  Invocation command line was

  $ ./configure 

## --------- ##
## Platform. ##
## --------- ##

hostname = jiayaoqi-desktop
uname -m = i686
uname -r = 2.6.32-38-generic
uname -s = Linux
uname -v = #83-Ubuntu SMP Wed Jan 4 11:13:04 UTC 2012

/usr/bin/uname -p = unknown
/bin/uname -X     = unknown

/bin/arch              = unknown
/usr/bin/arch -k       = unknown
/usr/convex/getsysinfo = unknown
/usr/bin/hostinfo      = unknown
/bin/machine           = unknown
/usr/bin/oslevel       = unknown
/bin/universe          = unknown

PATH: /home/jiayaoqi/bin
PATH: /usr/local/sbin
PATH: /usr/local/bin
PATH: /usr/sbin
PATH: /usr/bin
PATH: /sbin
PATH: /bin
PATH: /usr/lib/jvm/java-6-sun/lib
PATH: /usr/games
PATH: /home/jiayaoqi/Developer/adt-bundle-linux-x86/sdk/platform-tools
PATH: /home/jiayaoqi/Developer/adt-bundle-linux-x86/eclipse


## ----------- ##
## Core tests. ##
## ----------- ##

configure:2450: checking for gcc
configure:2466: found /usr/bin/gcc
configure:2477: result: gcc
configure:2706: checking for C compiler version
configure:2715: gcc --version >&5
gcc (Ubuntu 4.4.3-4ubuntu5.1) 4.4.3
Copyright (C) 2009 Free Software Foundation, Inc.
This is free software; see the source for copying conditions.  There is NO
warranty; not even for MERCHANTABILITY or FITNESS FOR A PARTICULAR PURPOSE.

configure:2726: $? = 0
configure:2715: gcc -v >&5
Using built-in specs.
Target: i486-linux-gnu
Configured with: ../src/configure -v --with-pkgversion='Ubuntu 4.4.3-4ubuntu5.1' --with-bugurl=file:///usr/share/doc/gcc-4.4/README.Bugs --enable-languages=c,c++,fortran,objc,obj-c++ --prefix=/usr --enable-shared --enable-multiarch --enable-linker-build-id --with-system-zlib --libexecdir=/usr/lib --without-included-gettext --enable-threads=posix --with-gxx-include-dir=/usr/include/c++/4.4 --program-suffix=-4.4 --enable-nls --enable-clocale=gnu --enable-libstdcxx-debug --enable-plugin --enable-objc-gc --enable-targets=all --disable-werror --with-arch-32=i486 --with-tune=generic --enable-checking=release --build=i486-linux-gnu --host=i486-linux-gnu --target=i486-linux-gnu
Thread model: posix
gcc version 4.4.3 (Ubuntu 4.4.3-4ubuntu5.1) 
configure:2726: $? = 0
configure:2715: gcc -V >&5
gcc: '-V' option must have argument
configure:2726: $? = 1
configure:2715: gcc -qversion >&5
gcc: unrecognized option '-qversion'
gcc: no input files
configure:2726: $? = 1
configure:2746: checking whether the C compiler works
configure:2768: gcc    conftest.c  >&5
configure:2772: $? = 0
configure:2821: result: yes
configure:2824: checking for C compiler default output file name
configure:2826: result: a.out
configure:2832: checking for suffix of executables
configure:2839: gcc -o conftest    conftest.c  >&5
configure:2843: $? = 0
configure:2865: result: 
configure:2887: checking whether we are cross compiling
configure:2895: gcc -o conftest    conftest.c  >&5
configure:2899: $? = 0
configure:2906: ./conftest
configure:2910: $? = 0
configure:2925: result: no
configure:2930: checking for suffix of object files
configure:2952: gcc -c   conftest.c >&5
configure:2956: $? = 0
configure:2977: result: o
configure:2981: checking whether we are using the GNU C compiler
configure:3000: gcc -c   conftest.c >&5
configure:3000: $? = 0
configure:3009: result: yes
configure:3018: checking whether gcc accepts -g
configure:3038: gcc -c -g  conftest.c >&5
configure:3038: $? = 0
configure:3079: result: yes
configure:3096: checking for gcc option to accept ISO C89
configure:3160: gcc  -c -g -O2  conftest.c >&5
configure:3160: $? = 0
configure:3173: result: none needed
configure:3194: checking for library containing strerror
configure:3225: gcc -o conftest -g -O2   conftest.c  >&5
configure:3225: $? = 0
configure:3242: result: none required
configure:3254: checking for gcc option to accept ISO C99
configure:3403: gcc  -c -g -O2  conftest.c >&5
conftest.c:60: error: expected ';', ',' or ')' before 'text'
conftest.c: In function 'main':
conftest.c:114: error: expected '=', ',', ';', 'asm' or '__attribute__' before 'newvar'
conftest.c:114: error: 'newvar' undeclared (first use in this function)
conftest.c:114: error: (Each undeclared identifier is reported only once
conftest.c:114: error: for each function it appears in.)
conftest.c:124: error: 'for' loop initial declarations are only allowed in C99 mode
conftest.c:124: note: use option -std=c99 or -std=gnu99 to compile your code
configure:3403: $? = 1
configure: failed program was:
| /* confdefs.h */
| #define PACKAGE_NAME ""
| #define PACKAGE_TARNAME ""
| #define PACKAGE_VERSION ""
| #define PACKAGE_STRING ""
| #define PACKAGE_BUGREPORT ""
| #define PACKAGE_URL ""
| #define SYSTEM_XPDFRC "/usr/local/etc/xpdfrc"
| /* end confdefs.h.  */
| #include <stdarg.h>
| #include <stdbool.h>
| #include <stdlib.h>
| #include <wchar.h>
| #include <stdio.h>
| 
| // Check varargs macros.  These examples are taken from C99 6.10.3.5.
| #define debug(...) fprintf (stderr, __VA_ARGS__)
| #define showlist(...) puts (#__VA_ARGS__)
| #define report(test,...) ((test) ? puts (#test) : printf (__VA_ARGS__))
| static void
| test_varargs_macros (void)
| {
|   int x = 1234;
|   int y = 5678;
|   debug ("Flag");
|   debug ("X = %d\n", x);
|   showlist (The first, second, and third items.);
|   report (x>y, "x is %d but y is %d", x, y);
| }
| 
| // Check long long types.
| #define BIG64 18446744073709551615ull
| #define BIG32 4294967295ul
| #define BIG_OK (BIG64 / BIG32 == 4294967297ull && BIG64 % BIG32 == 0)
| #if !BIG_OK
|   your preprocessor is broken;
| #endif
| #if BIG_OK
| #else
|   your preprocessor is broken;
| #endif
| static long long int bignum = -9223372036854775807LL;
| static unsigned long long int ubignum = BIG64;
| 
| struct incomplete_array
| {
|   int datasize;
|   double data[];
| };
| 
| struct named_init {
|   int number;
|   const wchar_t *name;
|   double average;
| };
| 
| typedef const char *ccp;
| 
| static inline int
| test_restrict (ccp restrict text)
| {
|   // See if C++-style comments work.
|   // Iterate through items via the restricted pointer.
|   // Also check for declarations in for loops.
|   for (unsigned int i = 0; *(text+i) != '\0'; ++i)
|     continue;
|   return 0;
| }
| 
| // Check varargs and va_copy.
| static void
| test_varargs (const char *format, ...)
| {
|   va_list args;
|   va_start (args, format);
|   va_list args_copy;
|   va_copy (args_copy, args);
| 
|   const char *str;
|   int number;
|   float fnumber;
| 
|   while (*format)
|     {
|       switch (*format++)
| 	{
| 	case 's': // string
| 	  str = va_arg (args_copy, const char *);
| 	  break;
| 	case 'd': // int
| 	  number = va_arg (args_copy, int);
| 	  break;
| 	case 'f': // float
| 	  fnumber = va_arg (args_copy, double);
| 	  break;
| 	default:
| 	  break;
| 	}
|     }
|   va_end (args_copy);
|   va_end (args);
| }
| 
| int
| main ()
| {
| 
|   // Check bool.
|   _Bool success = false;
| 
|   // Check restrict.
|   if (test_restrict ("String literal") == 0)
|     success = true;
|   char *restrict newvar = "Another string";
| 
|   // Check varargs.
|   test_varargs ("s, d' f .", "string", 65, 34.234);
|   test_varargs_macros ();
| 
|   // Check flexible array members.
|   struct incomplete_array *ia =
|     malloc (sizeof (struct incomplete_array) + (sizeof (double) * 10));
|   ia->datasize = 10;
|   for (int i = 0; i < ia->datasize; ++i)
|     ia->data[i] = i * 1.234;
| 
|   // Check named initializers.
|   struct named_init ni = {
|     .number = 34,
|     .name = L"Test wide string",
|     .average = 543.34343,
|   };
| 
|   ni.number = 58;
| 
|   int dynamic_array[ni.number];
|   dynamic_array[ni.number - 1] = 543;
| 
|   // work around unused variable warnings
|   return (!success || bignum == 0LL || ubignum == 0uLL || newvar[0] == 'x'
| 	  || dynamic_array[ni.number - 1] != 543);
| 
|   ;
|   return 0;
| }
configure:3403: gcc -std=gnu99 -c -g -O2  conftest.c >&5
configure:3403: $? = 0
configure:3423: result: -std=gnu99
configure:3525: checking for gcc -std=gnu99 option to accept ISO Standard C
configure:3539: result: -std=gnu99
configure:3604: checking for g++
configure:3620: found /usr/bin/g++
configure:3631: result: g++
configure:3658: checking for C++ compiler version
configure:3667: g++ --version >&5
g++ (Ubuntu 4.4.3-4ubuntu5.1) 4.4.3
Copyright (C) 2009 Free Software Foundation, Inc.
This is free software; see the source for copying conditions.  There is NO
warranty; not even for MERCHANTABILITY or FITNESS FOR A PARTICULAR PURPOSE.

configure:3678: $? = 0
configure:3667: g++ -v >&5
Using built-in specs.
Target: i486-linux-gnu
Configured with: ../src/configure -v --with-pkgversion='Ubuntu 4.4.3-4ubuntu5.1' --with-bugurl=file:///usr/share/doc/gcc-4.4/README.Bugs --enable-languages=c,c++,fortran,objc,obj-c++ --prefix=/usr --enable-shared --enable-multiarch --enable-linker-build-id --with-system-zlib --libexecdir=/usr/lib --without-included-gettext --enable-threads=posix --with-gxx-include-dir=/usr/include/c++/4.4 --program-suffix=-4.4 --enable-nls --enable-clocale=gnu --enable-libstdcxx-debug --enable-plugin --enable-objc-gc --enable-targets=all --disable-werror --with-arch-32=i486 --with-tune=generic --enable-checking=release --build=i486-linux-gnu --host=i486-linux-gnu --target=i486-linux-gnu
Thread model: posix
gcc version 4.4.3 (Ubuntu 4.4.3-4ubuntu5.1) 
configure:3678: $? = 0
configure:3667: g++ -V >&5
g++: '-V' option must have argument
configure:3678: $? = 1
configure:3667: g++ -qversion >&5
g++: unrecognized option '-qversion'
g++: no input files
configure:3678: $? = 1
configure:3682: checking whether we are using the GNU C++ compiler
configure:3701: g++ -c   conftest.cpp >&5
configure:3701: $? = 0
configure:3710: result: yes
configure:3719: checking whether g++ accepts -g
configure:3739: g++ -c -g  conftest.cpp >&5
configure:3739: $? = 0
configure:3780: result: yes
configure:3840: checking for a BSD-compatible install
configure:3908: result: /usr/bin/install -c
configure:3962: checking for ranlib
configure:3978: found /usr/bin/ranlib
configure:3989: result: ranlib
configure:4017: checking for OS/2 (with EMX)
configure:4033: gcc -std=gnu99 -c -g -O2  conftest.c >&5
conftest.c: In function 'main':
conftest.c:14: error: '__EMX__' undeclared (first use in this function)
conftest.c:14: error: (Each undeclared identifier is reported only once
conftest.c:14: error: for each function it appears in.)
configure:4033: $? = 1
configure: failed program was:
| /* confdefs.h */
| #define PACKAGE_NAME ""
| #define PACKAGE_TARNAME ""
| #define PACKAGE_VERSION ""
| #define PACKAGE_STRING ""
| #define PACKAGE_BUGREPORT ""
| #define PACKAGE_URL ""
| #define SYSTEM_XPDFRC "/usr/local/etc/xpdfrc"
| /* end confdefs.h.  */
| 
| int
| main ()
| {
| __EMX__
|   ;
|   return 0;
| }
configure:4040: result: no
configure:4048: checking for DOS (with DJGPP)
configure:4064: gcc -std=gnu99 -c -g -O2  conftest.c >&5
conftest.c: In function 'main':
conftest.c:14: error: '__DJGPP__' undeclared (first use in this function)
conftest.c:14: error: (Each undeclared identifier is reported only once
conftest.c:14: error: for each function it appears in.)
configure:4064: $? = 1
configure: failed program was:
| /* confdefs.h */
| #define PACKAGE_NAME ""
| #define PACKAGE_TARNAME ""
| #define PACKAGE_VERSION ""
| #define PACKAGE_STRING ""
| #define PACKAGE_BUGREPORT ""
| #define PACKAGE_URL ""
| #define SYSTEM_XPDFRC "/usr/local/etc/xpdfrc"
| /* end confdefs.h.  */
| 
| int
| main ()
| {
| __DJGPP__
|   ;
|   return 0;
| }
configure:4071: result: no
configure:4090: checking how to run the C preprocessor
configure:4121: gcc -std=gnu99 -E  conftest.c
configure:4121: $? = 0
configure:4135: gcc -std=gnu99 -E  conftest.c
conftest.c:10:28: error: ac_nonexistent.h: No such file or directory
configure:4135: $? = 1
configure: failed program was:
| /* confdefs.h */
| #define PACKAGE_NAME ""
| #define PACKAGE_TARNAME ""
| #define PACKAGE_VERSION ""
| #define PACKAGE_STRING ""
| #define PACKAGE_BUGREPORT ""
| #define PACKAGE_URL ""
| #define SYSTEM_XPDFRC "/usr/local/etc/xpdfrc"
| /* end confdefs.h.  */
| #include <ac_nonexistent.h>
configure:4160: result: gcc -std=gnu99 -E
configure:4180: gcc -std=gnu99 -E  conftest.c
configure:4180: $? = 0
configure:4194: gcc -std=gnu99 -E  conftest.c
conftest.c:10:28: error: ac_nonexistent.h: No such file or directory
configure:4194: $? = 1
configure: failed program was:
| /* confdefs.h */
| #define PACKAGE_NAME ""
| #define PACKAGE_TARNAME ""
| #define PACKAGE_VERSION ""
| #define PACKAGE_STRING ""
| #define PACKAGE_BUGREPORT ""
| #define PACKAGE_URL ""
| #define SYSTEM_XPDFRC "/usr/local/etc/xpdfrc"
| /* end confdefs.h.  */
| #include <ac_nonexistent.h>
configure:4223: checking for X
configure:4331: gcc -std=gnu99 -E  conftest.c
configure:4331: $? = 0
configure:4362: gcc -std=gnu99 -o conftest -g -O2   conftest.c -lX11  >&5
configure:4362: $? = 0
configure:4412: result: libraries , headers 
configure:4511: gcc -std=gnu99 -o conftest -g -O2   conftest.c   -lX11 >&5
configure:4511: $? = 0
configure:4609: checking for gethostbyname
configure:4609: gcc -std=gnu99 -o conftest -g -O2   conftest.c  >&5
configure:4609: $? = 0
configure:4609: result: yes
configure:4706: checking for connect
configure:4706: gcc -std=gnu99 -o conftest -g -O2   conftest.c  >&5
configure:4706: $? = 0
configure:4706: result: yes
configure:4755: checking for remove
configure:4755: gcc -std=gnu99 -o conftest -g -O2   conftest.c  >&5
configure:4755: $? = 0
configure:4755: result: yes
configure:4804: checking for shmat
configure:4804: gcc -std=gnu99 -o conftest -g -O2   conftest.c  >&5
configure:4804: $? = 0
configure:4804: result: yes
configure:4862: checking for IceConnectionNumber in -lICE
configure:4887: gcc -std=gnu99 -o conftest -g -O2   conftest.c -lICE   >&5
configure:4887: $? = 0
configure:4896: result: yes
configure:4909: checking for dirent.h that defines DIR
configure:4928: gcc -std=gnu99 -c -g -O2  conftest.c >&5
configure:4928: $? = 0
configure:4936: result: yes
configure:4950: checking for library containing opendir
configure:4981: gcc -std=gnu99 -o conftest -g -O2   conftest.c  >&5
configure:4981: $? = 0
configure:4998: result: none required
configure:5074: checking for gethostbyname
configure:5074: result: yes
configure:5122: checking select() and fd_set in sys/select.h and sys/bsdtypes.h
configure:5139: g++ -c -g -O2  conftest.cpp >&5
configure:5139: $? = 0
configure:5146: result: not needed
configure:5211: checking FD_ZERO and strings.h or bstring.h
configure:5228: g++ -c -g -O2  conftest.cpp >&5
configure:5228: $? = 0
configure:5235: result: not needed
configure:5302: checking for rewinddir
configure:5302: g++ -o conftest -g -O2   conftest.cpp  >&5
configure:5302: $? = 0
configure:5302: result: yes
configure:5361: checking for popen
configure:5361: g++ -o conftest -g -O2   conftest.cpp  >&5
configure:5361: $? = 0
configure:5361: result: yes
configure:5370: checking for mkstemp
configure:5387: g++ -o conftest -g -O2   conftest.cpp  >&5
conftest.cpp: In function 'int main()':
conftest.cpp:18: warning: deprecated conversion from string constant to 'char*'
conftest.cpp:18: warning: ignoring return value of 'int mkstemp(char*)', declared with attribute warn_unused_result
configure:5387: $? = 0
configure:5395: result: yes
configure:5401: checking for mkstemps
configure:5418: g++ -o conftest -g -O2   conftest.cpp  >&5
conftest.cpp: In function 'int main()':
conftest.cpp:19: warning: deprecated conversion from string constant to 'char*'
conftest.cpp:19: warning: ignoring return value of 'int mkstemps(char*, int)', declared with attribute warn_unused_result
configure:5418: $? = 0
configure:5426: result: yes
configure:5433: checking whether select takes fd_set arguments
configure:5455: g++ -c -g -O2  conftest.cpp >&5
configure:5455: $? = 0
configure:5462: result: yes
configure:5469: checking for std::sort
configure:5489: g++ -c -g -O2  conftest.cpp >&5
configure:5489: $? = 0
configure:5496: result: yes
configure:5517: checking for special C compiler options needed for large files
configure:5562: result: no
configure:5568: checking for _FILE_OFFSET_BITS value needed for large files
configure:5593: gcc -std=gnu99 -c -g -O2  conftest.c >&5
conftest.c:22: warning: left shift count >= width of type
conftest.c:22: warning: left shift count >= width of type
conftest.c:24: error: size of array 'off_t_is_large' is negative
configure:5593: $? = 1
configure: failed program was:
| /* confdefs.h */
| #define PACKAGE_NAME ""
| #define PACKAGE_TARNAME ""
| #define PACKAGE_VERSION ""
| #define PACKAGE_STRING ""
| #define PACKAGE_BUGREPORT ""
| #define PACKAGE_URL ""
| #define SYSTEM_XPDFRC "/usr/local/etc/xpdfrc"
| #define HAVE_DIRENT_H 1
| #define HAVE_REWINDDIR 1
| #define HAVE_POPEN 1
| #define HAVE_MKSTEMP 1
| #define HAVE_MKSTEMPS 1
| #define HAVE_STD_SORT 1
| /* end confdefs.h.  */
| #include <sys/types.h>
|  /* Check that off_t can represent 2**63 - 1 correctly.
|     We can't simply define LARGE_OFF_T to be 9223372036854775807,
|     since some C++ compilers masquerading as C compilers
|     incorrectly reject 9223372036854775807.  */
| #define LARGE_OFF_T (((off_t) 1 << 62) - 1 + ((off_t) 1 << 62))
|   int off_t_is_large[(LARGE_OFF_T % 2147483629 == 721
| 		       && LARGE_OFF_T % 2147483647 == 1)
| 		      ? 1 : -1];
| int
| main ()
| {
| 
|   ;
|   return 0;
| }
configure:5617: gcc -std=gnu99 -c -g -O2  conftest.c >&5
configure:5617: $? = 0
configure:5625: result: 64
configure:5708: checking for _LARGEFILE_SOURCE value needed for large files
configure:5727: gcc -std=gnu99 -o conftest -g -O2   conftest.c  >&5
configure:5727: $? = 0
configure:5755: result: no
configure:5778: checking for fseek64
configure:5778: gcc -std=gnu99 -o conftest -g -O2   conftest.c  >&5
/tmp/ccNZVWeu.o: In function `main':
/home/jiayaoqi/github/xpdf/xpdf-3.03/conftest.c:52: undefined reference to `fseek64'
collect2: ld returned 1 exit status
configure:5778: $? = 1
configure: failed program was:
| /* confdefs.h */
| #define PACKAGE_NAME ""
| #define PACKAGE_TARNAME ""
| #define PACKAGE_VERSION ""
| #define PACKAGE_STRING ""
| #define PACKAGE_BUGREPORT ""
| #define PACKAGE_URL ""
| #define SYSTEM_XPDFRC "/usr/local/etc/xpdfrc"
| #define HAVE_DIRENT_H 1
| #define HAVE_REWINDDIR 1
| #define HAVE_POPEN 1
| #define HAVE_MKSTEMP 1
| #define HAVE_MKSTEMPS 1
| #define HAVE_STD_SORT 1
| #define _FILE_OFFSET_BITS 64
| #define HAVE_FSEEKO 1
| /* end confdefs.h.  */
| /* Define fseek64 to an innocuous variant, in case <limits.h> declares fseek64.
|    For example, HP-UX 11i <limits.h> declares gettimeofday.  */
| #define fseek64 innocuous_fseek64
| 
| /* System header to define __stub macros and hopefully few prototypes,
|     which can conflict with char fseek64 (); below.
|     Prefer <limits.h> to <assert.h> if __STDC__ is defined, since
|     <limits.h> exists even on freestanding compilers.  */
| 
| #ifdef __STDC__
| # include <limits.h>
| #else
| # include <assert.h>
| #endif
| 
| #undef fseek64
| 
| /* Override any GCC internal prototype to avoid an error.
|    Use char because int might match the return type of a GCC
|    builtin and then its argument prototype would still apply.  */
| #ifdef __cplusplus
| extern "C"
| #endif
| char fseek64 ();
| /* The GNU C library defines this for functions which it implements
|     to always fail with ENOSYS.  Some functions are actually named
|     something starting with __ and the normal name is an alias.  */
| #if defined __stub_fseek64 || defined __stub___fseek64
| choke me
| #endif
| 
| int
| main ()
| {
| return fseek64 ();
|   ;
|   return 0;
| }
configure:5778: result: no
configure:5791: checking for ftell64
configure:5791: gcc -std=gnu99 -o conftest -g -O2   conftest.c  >&5
/tmp/ccNLzPGy.o: In function `main':
/home/jiayaoqi/github/xpdf/xpdf-3.03/conftest.c:52: undefined reference to `ftell64'
collect2: ld returned 1 exit status
configure:5791: $? = 1
configure: failed program was:
| /* confdefs.h */
| #define PACKAGE_NAME ""
| #define PACKAGE_TARNAME ""
| #define PACKAGE_VERSION ""
| #define PACKAGE_STRING ""
| #define PACKAGE_BUGREPORT ""
| #define PACKAGE_URL ""
| #define SYSTEM_XPDFRC "/usr/local/etc/xpdfrc"
| #define HAVE_DIRENT_H 1
| #define HAVE_REWINDDIR 1
| #define HAVE_POPEN 1
| #define HAVE_MKSTEMP 1
| #define HAVE_MKSTEMPS 1
| #define HAVE_STD_SORT 1
| #define _FILE_OFFSET_BITS 64
| #define HAVE_FSEEKO 1
| /* end confdefs.h.  */
| /* Define ftell64 to an innocuous variant, in case <limits.h> declares ftell64.
|    For example, HP-UX 11i <limits.h> declares gettimeofday.  */
| #define ftell64 innocuous_ftell64
| 
| /* System header to define __stub macros and hopefully few prototypes,
|     which can conflict with char ftell64 (); below.
|     Prefer <limits.h> to <assert.h> if __STDC__ is defined, since
|     <limits.h> exists even on freestanding compilers.  */
| 
| #ifdef __STDC__
| # include <limits.h>
| #else
| # include <assert.h>
| #endif
| 
| #undef ftell64
| 
| /* Override any GCC internal prototype to avoid an error.
|    Use char because int might match the return type of a GCC
|    builtin and then its argument prototype would still apply.  */
| #ifdef __cplusplus
| extern "C"
| #endif
| char ftell64 ();
| /* The GNU C library defines this for functions which it implements
|     to always fail with ENOSYS.  Some functions are actually named
|     something starting with __ and the normal name is an alias.  */
| #if defined __stub_ftell64 || defined __stub___ftell64
| choke me
| #endif
| 
| int
| main ()
| {
| return ftell64 ();
|   ;
|   return 0;
| }
configure:5791: result: no
configure:5808: checking for grep that handles long lines and -e
configure:5866: result: /bin/grep
configure:5871: checking for egrep
configure:5933: result: /bin/grep -E
configure:5938: checking for ANSI C header files
configure:5958: gcc -std=gnu99 -c -g -O2  conftest.c >&5
configure:5958: $? = 0
configure:6031: gcc -std=gnu99 -o conftest -g -O2   conftest.c  >&5
configure:6031: $? = 0
configure:6031: ./conftest
configure:6031: $? = 0
configure:6042: result: yes
configure:6055: checking for sys/types.h
configure:6055: gcc -std=gnu99 -c -g -O2  conftest.c >&5
configure:6055: $? = 0
configure:6055: result: yes
configure:6055: checking for sys/stat.h
configure:6055: gcc -std=gnu99 -c -g -O2  conftest.c >&5
configure:6055: $? = 0
configure:6055: result: yes
configure:6055: checking for stdlib.h
configure:6055: gcc -std=gnu99 -c -g -O2  conftest.c >&5
configure:6055: $? = 0
configure:6055: result: yes
configure:6055: checking for string.h
configure:6055: gcc -std=gnu99 -c -g -O2  conftest.c >&5
configure:6055: $? = 0
configure:6055: result: yes
configure:6055: checking for memory.h
configure:6055: gcc -std=gnu99 -c -g -O2  conftest.c >&5
configure:6055: $? = 0
configure:6055: result: yes
configure:6055: checking for strings.h
configure:6055: gcc -std=gnu99 -c -g -O2  conftest.c >&5
configure:6055: $? = 0
configure:6055: result: yes
configure:6055: checking for inttypes.h
configure:6055: gcc -std=gnu99 -c -g -O2  conftest.c >&5
configure:6055: $? = 0
configure:6055: result: yes
configure:6055: checking for stdint.h
configure:6055: gcc -std=gnu99 -c -g -O2  conftest.c >&5
configure:6055: $? = 0
configure:6055: result: yes
configure:6055: checking for unistd.h
configure:6055: gcc -std=gnu99 -c -g -O2  conftest.c >&5
configure:6055: $? = 0
configure:6055: result: yes
configure:6092: checking whether to use Xpm library
configure:6099: result: maybe
configure:6148: checking where to find the Xpm header files
configure:6155: result: 
configure:6174: checking X11/xpm.h usability
configure:6174: gcc -std=gnu99 -c -g -O2    conftest.c >&5
conftest.c:61:21: error: X11/xpm.h: No such file or directory
configure:6174: $? = 1
configure: failed program was:
| /* confdefs.h */
| #define PACKAGE_NAME ""
| #define PACKAGE_TARNAME ""
| #define PACKAGE_VERSION ""
| #define PACKAGE_STRING ""
| #define PACKAGE_BUGREPORT ""
| #define PACKAGE_URL ""
| #define SYSTEM_XPDFRC "/usr/local/etc/xpdfrc"
| #define HAVE_DIRENT_H 1
| #define HAVE_REWINDDIR 1
| #define HAVE_POPEN 1
| #define HAVE_MKSTEMP 1
| #define HAVE_MKSTEMPS 1
| #define HAVE_STD_SORT 1
| #define _FILE_OFFSET_BITS 64
| #define HAVE_FSEEKO 1
| #define STDC_HEADERS 1
| #define HAVE_SYS_TYPES_H 1
| #define HAVE_SYS_STAT_H 1
| #define HAVE_STDLIB_H 1
| #define HAVE_STRING_H 1
| #define HAVE_MEMORY_H 1
| #define HAVE_STRINGS_H 1
| #define HAVE_INTTYPES_H 1
| #define HAVE_STDINT_H 1
| #define HAVE_UNISTD_H 1
| /* end confdefs.h.  */
| #include <stdio.h>
| #ifdef HAVE_SYS_TYPES_H
| # include <sys/types.h>
| #endif
| #ifdef HAVE_SYS_STAT_H
| # include <sys/stat.h>
| #endif
| #ifdef STDC_HEADERS
| # include <stdlib.h>
| # include <stddef.h>
| #else
| # ifdef HAVE_STDLIB_H
| #  include <stdlib.h>
| # endif
| #endif
| #ifdef HAVE_STRING_H
| # if !defined STDC_HEADERS && defined HAVE_MEMORY_H
| #  include <memory.h>
| # endif
| # include <string.h>
| #endif
| #ifdef HAVE_STRINGS_H
| # include <strings.h>
| #endif
| #ifdef HAVE_INTTYPES_H
| # include <inttypes.h>
| #endif
| #ifdef HAVE_STDINT_H
| # include <stdint.h>
| #endif
| #ifdef HAVE_UNISTD_H
| # include <unistd.h>
| #endif
| #include <X11/xpm.h>
configure:6174: result: no
configure:6174: checking X11/xpm.h presence
configure:6174: gcc -std=gnu99 -E    conftest.c
conftest.c:28:21: error: X11/xpm.h: No such file or directory
configure:6174: $? = 1
configure: failed program was:
| /* confdefs.h */
| #define PACKAGE_NAME ""
| #define PACKAGE_TARNAME ""
| #define PACKAGE_VERSION ""
| #define PACKAGE_STRING ""
| #define PACKAGE_BUGREPORT ""
| #define PACKAGE_URL ""
| #define SYSTEM_XPDFRC "/usr/local/etc/xpdfrc"
| #define HAVE_DIRENT_H 1
| #define HAVE_REWINDDIR 1
| #define HAVE_POPEN 1
| #define HAVE_MKSTEMP 1
| #define HAVE_MKSTEMPS 1
| #define HAVE_STD_SORT 1
| #define _FILE_OFFSET_BITS 64
| #define HAVE_FSEEKO 1
| #define STDC_HEADERS 1
| #define HAVE_SYS_TYPES_H 1
| #define HAVE_SYS_STAT_H 1
| #define HAVE_STDLIB_H 1
| #define HAVE_STRING_H 1
| #define HAVE_MEMORY_H 1
| #define HAVE_STRINGS_H 1
| #define HAVE_INTTYPES_H 1
| #define HAVE_STDINT_H 1
| #define HAVE_UNISTD_H 1
| /* end confdefs.h.  */
| #include <X11/xpm.h>
configure:6174: result: no
configure:6174: checking for X11/xpm.h
configure:6174: result: no
configure:6255: result: not using Xpm library
configure:6303: checking whether to use Xext library
configure:6310: result: maybe
configure:6359: checking where to find the Xext header files
configure:6366: result: 
configure:6385: checking X11/Xlib.h usability
configure:6385: gcc -std=gnu99 -c -g -O2    conftest.c >&5
configure:6385: $? = 0
configure:6385: result: yes
configure:6385: checking X11/Xlib.h presence
configure:6385: gcc -std=gnu99 -E    conftest.c
configure:6385: $? = 0
configure:6385: result: yes
configure:6385: checking for X11/Xlib.h
configure:6385: result: yes
configure:6414: checking for XextAddDisplay in -lXext
configure:6439: gcc -std=gnu99 -o conftest -g -O2   conftest.c -lXext   -lXext   -lSM -lICE  -lX11  >&5
configure:6439: $? = 0
configure:6448: result: yes
configure:6459: result: using Xext library
configure:6511: checking whether to use Xp library
configure:6518: result: maybe
configure:6567: checking where to find the Xp header files
configure:6574: result: 
configure:6593: checking X11/extensions/Print.h usability
configure:6593: gcc -std=gnu99 -c -g -O2    conftest.c >&5
configure:6593: $? = 0
configure:6593: result: yes
configure:6593: checking X11/extensions/Print.h presence
configure:6593: gcc -std=gnu99 -E    conftest.c
configure:6593: $? = 0
configure:6593: result: yes
configure:6593: checking for X11/extensions/Print.h
configure:6593: result: yes
configure:6622: checking for XpStartPage in -lXp
configure:6647: gcc -std=gnu99 -o conftest -g -O2   conftest.c -lXp   -lXp   -lSM -lICE -lXext  -lX11  >&5
configure:6647: $? = 0
configure:6656: result: yes
configure:6667: result: using Xp library
configure:6719: checking whether to use Xt library
configure:6726: result: maybe
configure:6775: checking where to find the Xt header files
configure:6782: result: 
configure:6801: checking X11/Intrinsic.h usability
configure:6801: gcc -std=gnu99 -c -g -O2    conftest.c >&5
configure:6801: $? = 0
configure:6801: result: yes
configure:6801: checking X11/Intrinsic.h presence
configure:6801: gcc -std=gnu99 -E    conftest.c
configure:6801: $? = 0
configure:6801: result: yes
configure:6801: checking for X11/Intrinsic.h
configure:6801: result: yes
configure:6830: checking for XtAppInitialize in -lXt
configure:6855: gcc -std=gnu99 -o conftest -g -O2   conftest.c -lXt   -lXt   -lSM -lICE  -lX11  >&5
configure:6855: $? = 0
configure:6864: result: yes
configure:6875: result: using Xt library
configure:6927: checking whether to use Xm library
configure:6934: result: maybe
configure:6983: checking where to find the Xm header files
configure:6990: result: 
configure:7009: checking Xm/XmAll.h usability
configure:7009: gcc -std=gnu99 -c -g -O2    conftest.c >&5
configure:7009: $? = 0
configure:7009: result: yes
configure:7009: checking Xm/XmAll.h presence
configure:7009: gcc -std=gnu99 -E    conftest.c
configure:7009: $? = 0
configure:7009: result: yes
configure:7009: checking for Xm/XmAll.h
configure:7009: result: yes
configure:7038: checking for XmCreateForm in -lXm
configure:7063: gcc -std=gnu99 -o conftest -g -O2   conftest.c -lXm   -lXm -lXt   -lSM -lICE -lXp -lXext  -lX11  >&5
configure:7063: $? = 0
configure:7072: result: yes
configure:7083: result: using Xm library
configure:7135: checking whether to use Sgm library
configure:7142: result: maybe
configure:7191: checking where to find the Sgm header files
configure:7198: result: 
configure:7217: checking Sgm/HPanedW.h usability
configure:7217: gcc -std=gnu99 -c -g -O2    conftest.c >&5
conftest.c:65:25: error: Sgm/HPanedW.h: No such file or directory
configure:7217: $? = 1
configure: failed program was:
| /* confdefs.h */
| #define PACKAGE_NAME ""
| #define PACKAGE_TARNAME ""
| #define PACKAGE_VERSION ""
| #define PACKAGE_STRING ""
| #define PACKAGE_BUGREPORT ""
| #define PACKAGE_URL ""
| #define SYSTEM_XPDFRC "/usr/local/etc/xpdfrc"
| #define HAVE_DIRENT_H 1
| #define HAVE_REWINDDIR 1
| #define HAVE_POPEN 1
| #define HAVE_MKSTEMP 1
| #define HAVE_MKSTEMPS 1
| #define HAVE_STD_SORT 1
| #define _FILE_OFFSET_BITS 64
| #define HAVE_FSEEKO 1
| #define STDC_HEADERS 1
| #define HAVE_SYS_TYPES_H 1
| #define HAVE_SYS_STAT_H 1
| #define HAVE_STDLIB_H 1
| #define HAVE_STRING_H 1
| #define HAVE_MEMORY_H 1
| #define HAVE_STRINGS_H 1
| #define HAVE_INTTYPES_H 1
| #define HAVE_STDINT_H 1
| #define HAVE_UNISTD_H 1
| #define HAVE_X11_XLIB_H 1
| #define HAVE_X11_EXTENSIONS_PRINT_H 1
| #define HAVE_X11_INTRINSIC_H 1
| #define HAVE_XM_XMALL_H 1
| /* end confdefs.h.  */
| #include <stdio.h>
| #ifdef HAVE_SYS_TYPES_H
| # include <sys/types.h>
| #endif
| #ifdef HAVE_SYS_STAT_H
| # include <sys/stat.h>
| #endif
| #ifdef STDC_HEADERS
| # include <stdlib.h>
| # include <stddef.h>
| #else
| # ifdef HAVE_STDLIB_H
| #  include <stdlib.h>
| # endif
| #endif
| #ifdef HAVE_STRING_H
| # if !defined STDC_HEADERS && defined HAVE_MEMORY_H
| #  include <memory.h>
| # endif
| # include <string.h>
| #endif
| #ifdef HAVE_STRINGS_H
| # include <strings.h>
| #endif
| #ifdef HAVE_INTTYPES_H
| # include <inttypes.h>
| #endif
| #ifdef HAVE_STDINT_H
| # include <stdint.h>
| #endif
| #ifdef HAVE_UNISTD_H
| # include <unistd.h>
| #endif
| #include <Sgm/HPanedW.h>
configure:7217: result: no
configure:7217: checking Sgm/HPanedW.h presence
configure:7217: gcc -std=gnu99 -E    conftest.c
conftest.c:32:25: error: Sgm/HPanedW.h: No such file or directory
configure:7217: $? = 1
configure: failed program was:
| /* confdefs.h */
| #define PACKAGE_NAME ""
| #define PACKAGE_TARNAME ""
| #define PACKAGE_VERSION ""
| #define PACKAGE_STRING ""
| #define PACKAGE_BUGREPORT ""
| #define PACKAGE_URL ""
| #define SYSTEM_XPDFRC "/usr/local/etc/xpdfrc"
| #define HAVE_DIRENT_H 1
| #define HAVE_REWINDDIR 1
| #define HAVE_POPEN 1
| #define HAVE_MKSTEMP 1
| #define HAVE_MKSTEMPS 1
| #define HAVE_STD_SORT 1
| #define _FILE_OFFSET_BITS 64
| #define HAVE_FSEEKO 1
| #define STDC_HEADERS 1
| #define HAVE_SYS_TYPES_H 1
| #define HAVE_SYS_STAT_H 1
| #define HAVE_STDLIB_H 1
| #define HAVE_STRING_H 1
| #define HAVE_MEMORY_H 1
| #define HAVE_STRINGS_H 1
| #define HAVE_INTTYPES_H 1
| #define HAVE_STDINT_H 1
| #define HAVE_UNISTD_H 1
| #define HAVE_X11_XLIB_H 1
| #define HAVE_X11_EXTENSIONS_PRINT_H 1
| #define HAVE_X11_INTRINSIC_H 1
| #define HAVE_XM_XMALL_H 1
| /* end confdefs.h.  */
| #include <Sgm/HPanedW.h>
configure:7217: result: no
configure:7217: checking for Sgm/HPanedW.h
configure:7217: result: no
configure:7298: result: not using Sgm library
configure:7321: checking for XtAppSetExitFlag in -lXt
configure:7346: gcc -std=gnu99 -o conftest -g -O2   conftest.c -lXt -lXt   -lSM -lICE -lXp -lXext  -lX11  >&5
configure:7346: $? = 0
configure:7355: result: yes
configure:7401: checking whether to use freetype2 library
configure:7408: result: maybe
configure:7457: checking where to find the freetype2 header files
configure:7464: result: 
configure:7483: checking ft2build.h usability
configure:7483: gcc -std=gnu99 -c -g -O2    conftest.c >&5
configure:7483: $? = 0
configure:7483: result: yes
configure:7483: checking ft2build.h presence
configure:7483: gcc -std=gnu99 -E    conftest.c
configure:7483: $? = 0
configure:7483: result: yes
configure:7483: checking for ft2build.h
configure:7483: result: yes
configure:7512: checking for FT_Get_Name_Index in -lfreetype
configure:7537: gcc -std=gnu99 -o conftest -g -O2   conftest.c -lfreetype   -lfreetype -lm  >&5
configure:7537: $? = 0
configure:7546: result: yes
configure:7557: result: using freetype2 library
configure:7616: checking whether to use libpaper library
configure:7623: result: maybe
configure:7672: checking where to find the libpaper header files
configure:7679: result: 
configure:7698: checking paper.h usability
configure:7698: gcc -std=gnu99 -c -g -O2    conftest.c >&5
conftest.c:69:19: error: paper.h: No such file or directory
configure:7698: $? = 1
configure: failed program was:
| /* confdefs.h */
| #define PACKAGE_NAME ""
| #define PACKAGE_TARNAME ""
| #define PACKAGE_VERSION ""
| #define PACKAGE_STRING ""
| #define PACKAGE_BUGREPORT ""
| #define PACKAGE_URL ""
| #define SYSTEM_XPDFRC "/usr/local/etc/xpdfrc"
| #define HAVE_DIRENT_H 1
| #define HAVE_REWINDDIR 1
| #define HAVE_POPEN 1
| #define HAVE_MKSTEMP 1
| #define HAVE_MKSTEMPS 1
| #define HAVE_STD_SORT 1
| #define _FILE_OFFSET_BITS 64
| #define HAVE_FSEEKO 1
| #define STDC_HEADERS 1
| #define HAVE_SYS_TYPES_H 1
| #define HAVE_SYS_STAT_H 1
| #define HAVE_STDLIB_H 1
| #define HAVE_STRING_H 1
| #define HAVE_MEMORY_H 1
| #define HAVE_STRINGS_H 1
| #define HAVE_INTTYPES_H 1
| #define HAVE_STDINT_H 1
| #define HAVE_UNISTD_H 1
| #define HAVE_X11_XLIB_H 1
| #define HAVE_X11_EXTENSIONS_PRINT_H 1
| #define HAVE_X11_INTRINSIC_H 1
| #define HAVE_XM_XMALL_H 1
| #define HAVE_XTAPPSETEXITFLAG 1
| #define HAVE_FT2BUILD_H 1
| #define HAVE_FREETYPE_FREETYPE_H 1
| #define HAVE_SPLASH 1
| /* end confdefs.h.  */
| #include <stdio.h>
| #ifdef HAVE_SYS_TYPES_H
| # include <sys/types.h>
| #endif
| #ifdef HAVE_SYS_STAT_H
| # include <sys/stat.h>
| #endif
| #ifdef STDC_HEADERS
| # include <stdlib.h>
| # include <stddef.h>
| #else
| # ifdef HAVE_STDLIB_H
| #  include <stdlib.h>
| # endif
| #endif
| #ifdef HAVE_STRING_H
| # if !defined STDC_HEADERS && defined HAVE_MEMORY_H
| #  include <memory.h>
| # endif
| # include <string.h>
| #endif
| #ifdef HAVE_STRINGS_H
| # include <strings.h>
| #endif
| #ifdef HAVE_INTTYPES_H
| # include <inttypes.h>
| #endif
| #ifdef HAVE_STDINT_H
| # include <stdint.h>
| #endif
| #ifdef HAVE_UNISTD_H
| # include <unistd.h>
| #endif
| #include <paper.h>
configure:7698: result: no
configure:7698: checking paper.h presence
configure:7698: gcc -std=gnu99 -E    conftest.c
conftest.c:36:19: error: paper.h: No such file or directory
configure:7698: $? = 1
configure: failed program was:
| /* confdefs.h */
| #define PACKAGE_NAME ""
| #define PACKAGE_TARNAME ""
| #define PACKAGE_VERSION ""
| #define PACKAGE_STRING ""
| #define PACKAGE_BUGREPORT ""
| #define PACKAGE_URL ""
| #define SYSTEM_XPDFRC "/usr/local/etc/xpdfrc"
| #define HAVE_DIRENT_H 1
| #define HAVE_REWINDDIR 1
| #define HAVE_POPEN 1
| #define HAVE_MKSTEMP 1
| #define HAVE_MKSTEMPS 1
| #define HAVE_STD_SORT 1
| #define _FILE_OFFSET_BITS 64
| #define HAVE_FSEEKO 1
| #define STDC_HEADERS 1
| #define HAVE_SYS_TYPES_H 1
| #define HAVE_SYS_STAT_H 1
| #define HAVE_STDLIB_H 1
| #define HAVE_STRING_H 1
| #define HAVE_MEMORY_H 1
| #define HAVE_STRINGS_H 1
| #define HAVE_INTTYPES_H 1
| #define HAVE_STDINT_H 1
| #define HAVE_UNISTD_H 1
| #define HAVE_X11_XLIB_H 1
| #define HAVE_X11_EXTENSIONS_PRINT_H 1
| #define HAVE_X11_INTRINSIC_H 1
| #define HAVE_XM_XMALL_H 1
| #define HAVE_XTAPPSETEXITFLAG 1
| #define HAVE_FT2BUILD_H 1
| #define HAVE_FREETYPE_FREETYPE_H 1
| #define HAVE_SPLASH 1
| /* end confdefs.h.  */
| #include <paper.h>
configure:7698: result: no
configure:7698: checking for paper.h
configure:7698: result: no
configure:7779: result: not using libpaper library
configure:7915: creating ./config.status

## ---------------------- ##
## Running config.status. ##
## ---------------------- ##

This file was extended by config.status, which was
generated by GNU Autoconf 2.65.  Invocation command line was

  CONFIG_FILES    = 
  CONFIG_HEADERS  = 
  CONFIG_LINKS    = 
  CONFIG_COMMANDS = 
  $ ./config.status 

on jiayaoqi-desktop

config.status:858: creating Makefile
config.status:961: WARNING:  'Makefile.in' seems to ignore the --datarootdir setting
config.status:858: creating goo/Makefile
config.status:858: creating fofi/Makefile
config.status:858: creating splash/Makefile
config.status:858: creating xpdf/Makefile
config.status:858: creating aconf.h
config.status:1024: aconf.h is unchanged

## ---------------- ##
## Cache variables. ##
## ---------------- ##

ac_cv_c_compiler_gnu=yes
ac_cv_cxx_compiler_gnu=yes
ac_cv_env_CCC_set=
ac_cv_env_CCC_value=
ac_cv_env_CC_set=
ac_cv_env_CC_value=
ac_cv_env_CFLAGS_set=
ac_cv_env_CFLAGS_value=
ac_cv_env_CPPFLAGS_set=
ac_cv_env_CPPFLAGS_value=
ac_cv_env_CPP_set=
ac_cv_env_CPP_value=
ac_cv_env_CXXFLAGS_set=
ac_cv_env_CXXFLAGS_value=
ac_cv_env_CXX_set=
ac_cv_env_CXX_value=
ac_cv_env_LDFLAGS_set=
ac_cv_env_LDFLAGS_value=
ac_cv_env_LIBS_set=
ac_cv_env_LIBS_value=
ac_cv_env_XMKMF_set=
ac_cv_env_XMKMF_value=
ac_cv_env_build_alias_set=
ac_cv_env_build_alias_value=
ac_cv_env_host_alias_set=
ac_cv_env_host_alias_value=
ac_cv_env_target_alias_set=
ac_cv_env_target_alias_value=
ac_cv_func_connect=yes
ac_cv_func_fseek64=no
ac_cv_func_ftell64=no
ac_cv_func_gethostbyname=yes
ac_cv_func_popen=yes
ac_cv_func_remove=yes
ac_cv_func_rewinddir=yes
ac_cv_func_shmat=yes
ac_cv_have_x='have_x=yes	ac_x_includes='\'''\''	ac_x_libraries='\'''\'''
ac_cv_header_Sgm_HPanedW_h=no
ac_cv_header_X11_Intrinsic_h=yes
ac_cv_header_X11_Xlib_h=yes
ac_cv_header_X11_extensions_Print_h=yes
ac_cv_header_X11_xpm_h=no
ac_cv_header_Xm_XmAll_h=yes
ac_cv_header_dirent_dirent_h=yes
ac_cv_header_ft2build_h=yes
ac_cv_header_inttypes_h=yes
ac_cv_header_memory_h=yes
ac_cv_header_paper_h=no
ac_cv_header_stdc=yes
ac_cv_header_stdint_h=yes
ac_cv_header_stdlib_h=yes
ac_cv_header_string_h=yes
ac_cv_header_strings_h=yes
ac_cv_header_sys_stat_h=yes
ac_cv_header_sys_types_h=yes
ac_cv_header_unistd_h=yes
ac_cv_lib_ICE_IceConnectionNumber=yes
ac_cv_lib_Xext_XextAddDisplay=yes
ac_cv_lib_Xm_XmCreateForm=yes
ac_cv_lib_Xp_XpStartPage=yes
ac_cv_lib_Xt_XtAppInitialize=yes
ac_cv_lib_Xt_XtAppSetExitFlag=yes
ac_cv_lib_freetype_FT_Get_Name_Index=yes
ac_cv_objext=o
ac_cv_path_EGREP='/bin/grep -E'
ac_cv_path_GREP=/bin/grep
ac_cv_path_install='/usr/bin/install -c'
ac_cv_prog_CPP='gcc -std=gnu99 -E'
ac_cv_prog_ac_ct_CC=gcc
ac_cv_prog_ac_ct_CXX=g++
ac_cv_prog_ac_ct_RANLIB=ranlib
ac_cv_prog_cc_c89=
ac_cv_prog_cc_c99=-std=gnu99
ac_cv_prog_cc_g=yes
ac_cv_prog_cc_stdc=-std=gnu99
ac_cv_prog_cxx_g=yes
ac_cv_search_opendir='none required'
ac_cv_search_strerror='none required'
ac_cv_sys_file_offset_bits=64
ac_cv_sys_largefile_CC=no
ac_cv_sys_largefile_source=no
smr_cv_with_Sgm_includes=
smr_cv_with_Sgm_library=maybe
smr_cv_with_Xext_includes=
smr_cv_with_Xext_library=maybe
smr_cv_with_Xm_includes=
smr_cv_with_Xm_library=maybe
smr_cv_with_Xp_includes=
smr_cv_with_Xp_library=maybe
smr_cv_with_Xpm_includes=
smr_cv_with_Xpm_library=maybe
smr_cv_with_Xt_includes=
smr_cv_with_Xt_library=maybe
smr_cv_with_freetype2_includes=
smr_cv_with_freetype2_library=maybe
smr_cv_with_libpaper_includes=
smr_cv_with_libpaper_library=maybe
xpdf_cv_func_fseek64=no
xpdf_cv_func_ftell64=no
xpdf_cv_func_mkstemp=yes
xpdf_cv_func_mkstemps=yes
xpdf_cv_func_select_arg=yes
xpdf_cv_func_std_sort=yes
xpdf_cv_sys_dos=no
xpdf_cv_sys_os2=no

## ----------------- ##
## Output variables. ##
## ----------------- ##

AR='ar rc'
CC='gcc -std=gnu99'
CFLAGS='-g -O2'
CPP='gcc -std=gnu99 -E'
CPPFLAGS=''
CXX='g++'
CXXFLAGS='-g -O2'
DEFS='-DHAVE_CONFIG_H'
ECHO_C=''
ECHO_N='-n'
ECHO_T=''
EGREP='/bin/grep -E'
EXE=''
EXEEXT=''
GREP='/bin/grep'
INSTALL_DATA='${INSTALL} -m 644'
INSTALL_PROGRAM='${INSTALL}'
INSTALL_SCRIPT='${INSTALL}'
LDFLAGS=''
LIBOBJS=''
LIBPREFIX='lib'
LIBS=''
LTLIBOBJS=''
OBJEXT='o'
PACKAGE_BUGREPORT=''
PACKAGE_NAME=''
PACKAGE_STRING=''
PACKAGE_TARNAME=''
PACKAGE_URL=''
PACKAGE_VERSION=''
PATH_SEPARATOR=':'
RANLIB='ranlib'
SHELL='/bin/bash'
Sgm_CFLAGS=''
Sgm_LIBS=''
UP_DIR=''
X=''
XMKMF=''
XPDF_TARGET='all'
X_CFLAGS=''
X_EXTRA_LIBS=''
X_LIBS=''
X_PRE_LIBS=' -lSM -lICE'
Xext_CFLAGS=''
Xext_LIBS='-lXext'
Xm_CFLAGS=''
Xm_LIBS='-lXm'
Xp_CFLAGS=''
Xp_LIBS='-lXp'
Xpm_CFLAGS=''
Xpm_LIBS=''
Xt_CFLAGS=''
Xt_LIBS='-lXt'
ac_ct_CC='gcc'
ac_ct_CXX='g++'
bindir='${exec_prefix}/bin'
build_alias=''
datadir='${datarootdir}'
datarootdir='${prefix}/share'
docdir='${datarootdir}/doc/${PACKAGE}'
dvidir='${docdir}'
exec_prefix='${prefix}'
freetype2_CFLAGS=''
freetype2_LIBS='-lfreetype'
host_alias=''
htmldir='${docdir}'
includedir='${prefix}/include'
infodir='${datarootdir}/info'
libdir='${exec_prefix}/lib'
libexecdir='${exec_prefix}/libexec'
libpaper_CFLAGS=''
libpaper_LIBS=''
localedir='${datarootdir}/locale'
localstatedir='${prefix}/var'
mandir='${datarootdir}/man'
oldincludedir='/usr/include'
pdfdir='${docdir}'
prefix='/usr/local'
program_transform_name='s,x,x,'
psdir='${docdir}'
sbindir='${exec_prefix}/sbin'
sharedstatedir='${prefix}/com'
sysconfdir='${prefix}/etc'
t1_CFLAGS=''
t1_LIBS=''
target_alias=''

## ----------- ##
## confdefs.h. ##
## ----------- ##

/* confdefs.h */
#define PACKAGE_NAME ""
#define PACKAGE_TARNAME ""
#define PACKAGE_VERSION ""
#define PACKAGE_STRING ""
#define PACKAGE_BUGREPORT ""
#define PACKAGE_URL ""
#define SYSTEM_XPDFRC "/usr/local/etc/xpdfrc"
#define HAVE_DIRENT_H 1
#define HAVE_REWINDDIR 1
#define HAVE_POPEN 1
#define HAVE_MKSTEMP 1
#define HAVE_MKSTEMPS 1
#define HAVE_STD_SORT 1
#define _FILE_OFFSET_BITS 64
#define HAVE_FSEEKO 1
#define STDC_HEADERS 1
#define HAVE_SYS_TYPES_H 1
#define HAVE_SYS_STAT_H 1
#define HAVE_STDLIB_H 1
#define HAVE_STRING_H 1
#define HAVE_MEMORY_H 1
#define HAVE_STRINGS_H 1
#define HAVE_INTTYPES_H 1
#define HAVE_STDINT_H 1
#define HAVE_UNISTD_H 1
#define HAVE_X11_XLIB_H 1
#define HAVE_X11_EXTENSIONS_PRINT_H 1
#define HAVE_X11_INTRINSIC_H 1
#define HAVE_XM_XMALL_H 1
#define HAVE_XTAPPSETEXITFLAG 1
#define HAVE_FT2BUILD_H 1
#define HAVE_FREETYPE_FREETYPE_H 1
#define HAVE_SPLASH 1

configure: exit 0
